This is pdfTeX, Version 3.14159265-2.6-1.40.17 (TeX Live 2016) (preloaded format=pdflatex 2016.5.22)  21 OCT 2017 13:21
entering extended mode
 restricted \write18 enabled.
 %&-line parsing enabled.
**Plantilla_TrabajoEscrito.tex
(./Plantilla_TrabajoEscrito.tex
LaTeX2e <2016/03/31>
Babel <3.9r> and hyphenation patterns for 83 language(s) loaded.
(/usr/local/texlive/2016/texmf-dist/tex/latex/base/article.cls
Document Class: article 2014/09/29 v1.4h Standard LaTeX document class
(/usr/local/texlive/2016/texmf-dist/tex/latex/base/size12.clo
File: size12.clo 2014/09/29 v1.4h Standard LaTeX file (size option)
)
\c@part=\count79
\c@section=\count80
\c@subsection=\count81
\c@subsubsection=\count82
\c@paragraph=\count83
\c@subparagraph=\count84
\c@figure=\count85
\c@table=\count86
\abovecaptionskip=\skip41
\belowcaptionskip=\skip42
\bibindent=\dimen102
)
(/usr/local/texlive/2016/texmf-dist/tex/latex/tools/verbatim.sty
Package: verbatim 2014/10/28 v1.5q LaTeX2e package for verbatim enhancements
\every@verbatim=\toks14
\verbatim@line=\toks15
\verbatim@in@stream=\read1
)
(/usr/local/texlive/2016/texmf-dist/tex/latex/jknapltx/mathrsfs.sty
Package: mathrsfs 1996/01/01 Math RSFS package v1.0 (jk)
\symrsfs=\mathgroup4
)
(/usr/local/texlive/2016/texmf-dist/tex/latex/amsmath/amsmath.sty
Package: amsmath 2016/03/10 v2.15b AMS math features
\@mathmargin=\skip43

For additional information on amsmath, use the `?' option.
(/usr/local/texlive/2016/texmf-dist/tex/latex/amsmath/amstext.sty
Package: amstext 2000/06/29 v2.01 AMS text

(/usr/local/texlive/2016/texmf-dist/tex/latex/amsmath/amsgen.sty
File: amsgen.sty 1999/11/30 v2.0 generic functions
\@emptytoks=\toks16
\ex@=\dimen103
))
(/usr/local/texlive/2016/texmf-dist/tex/latex/amsmath/amsbsy.sty
Package: amsbsy 1999/11/29 v1.2d Bold Symbols
\pmbraise@=\dimen104
)
(/usr/local/texlive/2016/texmf-dist/tex/latex/amsmath/amsopn.sty
Package: amsopn 2016/03/08 v2.02 operator names
)
\inf@bad=\count87
LaTeX Info: Redefining \frac on input line 199.
\uproot@=\count88
\leftroot@=\count89
LaTeX Info: Redefining \overline on input line 297.
\classnum@=\count90
\DOTSCASE@=\count91
LaTeX Info: Redefining \ldots on input line 394.
LaTeX Info: Redefining \dots on input line 397.
LaTeX Info: Redefining \cdots on input line 518.
\Mathstrutbox@=\box26
\strutbox@=\box27
\big@size=\dimen105
LaTeX Font Info:    Redeclaring font encoding OML on input line 634.
LaTeX Font Info:    Redeclaring font encoding OMS on input line 635.
\macc@depth=\count92
\c@MaxMatrixCols=\count93
\dotsspace@=\muskip10
\c@parentequation=\count94
\dspbrk@lvl=\count95
\tag@help=\toks17
\row@=\count96
\column@=\count97
\maxfields@=\count98
\andhelp@=\toks18
\eqnshift@=\dimen106
\alignsep@=\dimen107
\tagshift@=\dimen108
\tagwidth@=\dimen109
\totwidth@=\dimen110
\lineht@=\dimen111
\@envbody=\toks19
\multlinegap=\skip44
\multlinetaggap=\skip45
\mathdisplay@stack=\toks20
LaTeX Info: Redefining \[ on input line 2739.
LaTeX Info: Redefining \] on input line 2740.
)
(/usr/local/texlive/2016/texmf-dist/tex/latex/amsfonts/amssymb.sty
Package: amssymb 2013/01/14 v3.01 AMS font symbols

(/usr/local/texlive/2016/texmf-dist/tex/latex/amsfonts/amsfonts.sty
Package: amsfonts 2013/01/14 v3.01 Basic AMSFonts support
\symAMSa=\mathgroup5
\symAMSb=\mathgroup6
LaTeX Font Info:    Overwriting math alphabet `\mathfrak' in version `bold'
(Font)                  U/euf/m/n --> U/euf/b/n on input line 106.
))
(/usr/local/texlive/2016/texmf-dist/tex/latex/subfigure/subfigure.sty
Package: subfigure 2002/03/15 v2.1.5 subfigure package
\subfigtopskip=\skip46
\subfigcapskip=\skip47
\subfigcaptopadj=\dimen112
\subfigbottomskip=\skip48
\subfigcapmargin=\dimen113
\subfiglabelskip=\skip49
\c@subfigure=\count99
\c@lofdepth=\count100
\c@subtable=\count101
\c@lotdepth=\count102

****************************************
* Local config file subfigure.cfg used *
****************************************
(/usr/local/texlive/2016/texmf-dist/tex/latex/subfigure/subfigure.cfg)
\subfig@top=\skip50
\subfig@bottom=\skip51
)
(/usr/local/texlive/2016/texmf-dist/tex/latex/ucs/ucs.sty
Package: ucs 2013/05/11 v2.2 UCS: Unicode input support

(/usr/local/texlive/2016/texmf-dist/tex/latex/ucs/data/uni-global.def
File: uni-global.def 2013/05/13 UCS: Unicode global data
)
\uc@secondtry=\count103
\uc@combtoks=\toks21
\uc@combtoksb=\toks22
\uc@temptokena=\toks23
)
(/usr/local/texlive/2016/texmf-dist/tex/latex/base/inputenc.sty
Package: inputenc 2015/03/17 v1.2c Input encoding file
\inpenc@prehook=\toks24
\inpenc@posthook=\toks25

(/usr/local/texlive/2016/texmf-dist/tex/latex/base/latin1.def
File: latin1.def 2015/03/17 v1.2c Input encoding file
))
(/usr/local/texlive/2016/texmf-dist/tex/generic/babel/babel.sty
Package: babel 2016/04/23 3.9r The Babel package

(/usr/local/texlive/2016/texmf-dist/tex/generic/babel-spanish/spanish.ldf
Language: spanish.ldf 2016/03/03 v5.0p Spanish support from the babel system

(/usr/local/texlive/2016/texmf-dist/tex/generic/babel/babel.def
File: babel.def 2016/04/23 3.9r Babel common definitions
\babel@savecnt=\count104
\U@D=\dimen114
)
\es@quottoks=\toks26
\es@quotdepth=\count105
Package babel Info: Making " an active character on input line 561.
Package babel Info: Making . an active character on input line 662.
Package babel Info: Making < an active character on input line 707.
Package babel Info: Making > an active character on input line 707.
))
(/usr/local/texlive/2016/texmf-dist/tex/latex/base/fontenc.sty
Package: fontenc 2005/09/27 v1.99g Standard LaTeX package
)
(/usr/local/texlive/2016/texmf-dist/tex/latex/graphics/graphicx.sty
Package: graphicx 2014/10/28 v1.0g Enhanced LaTeX Graphics (DPC,SPQR)

(/usr/local/texlive/2016/texmf-dist/tex/latex/graphics/keyval.sty
Package: keyval 2014/10/28 v1.15 key=value parser (DPC)
\KV@toks@=\toks27
)
(/usr/local/texlive/2016/texmf-dist/tex/latex/graphics/graphics.sty
Package: graphics 2016/05/09 v1.0r Standard LaTeX Graphics (DPC,SPQR)

(/usr/local/texlive/2016/texmf-dist/tex/latex/graphics/trig.sty
Package: trig 2016/01/03 v1.10 sin cos tan (DPC)
)
(/usr/local/texlive/2016/texmf-dist/tex/latex/graphics-cfg/graphics.cfg
File: graphics.cfg 2016/01/02 v1.10 sample graphics configuration
)
Package graphics Info: Driver file: pdftex.def on input line 96.

(/usr/local/texlive/2016/texmf-dist/tex/latex/pdftex-def/pdftex.def
File: pdftex.def 2011/05/27 v0.06d Graphics/color for pdfTeX

(/usr/local/texlive/2016/texmf-dist/tex/generic/oberdiek/infwarerr.sty
Package: infwarerr 2016/05/16 v1.4 Providing info/warning/error messages (HO)
)
(/usr/local/texlive/2016/texmf-dist/tex/generic/oberdiek/ltxcmds.sty
Package: ltxcmds 2016/05/16 v1.23 LaTeX kernel commands for general use (HO)
)
\Gread@gobject=\count106
))
\Gin@req@height=\dimen115
\Gin@req@width=\dimen116
)
(/usr/local/texlive/2016/texmf-dist/tex/latex/anysize/anysize.sty
Package: anysize 1994/08/13 setting margin sizes

document style option `anysize' loaded
Michael Salzenberg, Thomas Esser, Dirk Hillbrecht
Version 1.0, Aug 13, 1994
\@Leftmargin=\dimen117
\@Rightmargin=\dimen118
\@Topmargin=\dimen119
\@Bottommargin=\dimen120
) (/usr/local/texlive/2016/texmf-dist/tex/latex/fancyhdr/fancyhdr.sty
\fancy@headwidth=\skip52
\f@ncyO@elh=\skip53
\f@ncyO@erh=\skip54
\f@ncyO@olh=\skip55
\f@ncyO@orh=\skip56
\f@ncyO@elf=\skip57
\f@ncyO@erf=\skip58
\f@ncyO@olf=\skip59
\f@ncyO@orf=\skip60
)
(/usr/local/texlive/2016/texmf-dist/tex/latex/natbib/natbib.sty
Package: natbib 2010/09/13 8.31b (PWD, AO)
\bibhang=\skip61
\bibsep=\skip62
LaTeX Info: Redefining \cite on input line 694.
\c@NAT@ctr=\count107
)
(/usr/local/texlive/2016/texmf-dist/tex/latex/url/url.sty
\Urlmuskip=\muskip11
Package: url 2013/09/16  ver 3.4  Verb mode for urls, etc.
)
(/usr/local/texlive/2016/texmf-dist/tex/latex/hyperref/hyperref.sty
Package: hyperref 2016/05/05 v6.83n Hypertext links for LaTeX

(/usr/local/texlive/2016/texmf-dist/tex/generic/oberdiek/hobsub-hyperref.sty
Package: hobsub-hyperref 2016/05/16 v1.14 Bundle oberdiek, subset hyperref (HO)


(/usr/local/texlive/2016/texmf-dist/tex/generic/oberdiek/hobsub-generic.sty
Package: hobsub-generic 2016/05/16 v1.14 Bundle oberdiek, subset generic (HO)
Package: hobsub 2016/05/16 v1.14 Construct package bundles (HO)
Package hobsub Info: Skipping package `infwarerr' (already loaded).
Package hobsub Info: Skipping package `ltxcmds' (already loaded).
Package: ifluatex 2016/05/16 v1.4 Provides the ifluatex switch (HO)
Package ifluatex Info: LuaTeX not detected.
Package: ifvtex 2016/05/16 v1.6 Detect VTeX and its facilities (HO)
Package ifvtex Info: VTeX not detected.
Package: intcalc 2016/05/16 v1.2 Expandable calculations with integers (HO)
Package: ifpdf 2016/05/14 v3.1 Provides the ifpdf switch
Package: etexcmds 2016/05/16 v1.6 Avoid name clashes with e-TeX commands (HO)
Package etexcmds Info: Could not find \expanded.
(etexcmds)             That can mean that you are not using pdfTeX 1.50 or
(etexcmds)             that some package has redefined \expanded.
(etexcmds)             In the latter case, load this package earlier.
Package: kvsetkeys 2016/05/16 v1.17 Key value parser (HO)
Package: kvdefinekeys 2016/05/16 v1.4 Define keys (HO)
Package: pdftexcmds 2016/05/10 v0.21 Utility functions of pdfTeX for LuaTeX (HO
)
Package pdftexcmds Info: LuaTeX not detected.
Package pdftexcmds Info: \pdf@primitive is available.
Package pdftexcmds Info: \pdf@ifprimitive is available.
Package pdftexcmds Info: \pdfdraftmode found.
Package: pdfescape 2016/05/16 v1.14 Implements pdfTeX's escape features (HO)
Package: bigintcalc 2016/05/16 v1.4 Expandable calculations on big integers (HO
)
Package: bitset 2016/05/16 v1.2 Handle bit-vector datatype (HO)
Package: uniquecounter 2016/05/16 v1.3 Provide unlimited unique counter (HO)
)
Package hobsub Info: Skipping package `hobsub' (already loaded).
Package: letltxmacro 2016/05/16 v1.5 Let assignment for LaTeX macros (HO)
Package: hopatch 2016/05/16 v1.3 Wrapper for package hooks (HO)
Package: xcolor-patch 2016/05/16 xcolor patch
Package: atveryend 2016/05/16 v1.9 Hooks at the very end of document (HO)
Package atveryend Info: \enddocument detected (standard20110627).
Package: atbegshi 2016/05/16 v1.17 At begin shipout hook (HO)
Package: refcount 2016/05/16 v3.5 Data extraction from label references (HO)
Package: hycolor 2016/05/16 v1.8 Color options for hyperref/bookmark (HO)
)
(/usr/local/texlive/2016/texmf-dist/tex/generic/ifxetex/ifxetex.sty
Package: ifxetex 2010/09/12 v0.6 Provides ifxetex conditional
)
(/usr/local/texlive/2016/texmf-dist/tex/latex/oberdiek/auxhook.sty
Package: auxhook 2016/05/16 v1.4 Hooks for auxiliary files (HO)
)
(/usr/local/texlive/2016/texmf-dist/tex/latex/oberdiek/kvoptions.sty
Package: kvoptions 2016/05/16 v3.12 Key value format for package options (HO)
)
\@linkdim=\dimen121
\Hy@linkcounter=\count108
\Hy@pagecounter=\count109

(/usr/local/texlive/2016/texmf-dist/tex/latex/hyperref/pd1enc.def
File: pd1enc.def 2016/05/05 v6.83n Hyperref: PDFDocEncoding definition (HO)
)
\Hy@SavedSpaceFactor=\count110

(/usr/local/texlive/2016/texmf-dist/tex/latex/latexconfig/hyperref.cfg
File: hyperref.cfg 2002/06/06 v1.2 hyperref configuration of TeXLive
)
Package hyperref Info: Hyper figures OFF on input line 4446.
Package hyperref Info: Link nesting OFF on input line 4451.
Package hyperref Info: Hyper index ON on input line 4454.
Package hyperref Info: Plain pages OFF on input line 4461.
Package hyperref Info: Backreferencing OFF on input line 4466.
Package hyperref Info: Implicit mode ON; LaTeX internals redefined.
Package hyperref Info: Bookmarks ON on input line 4691.
\c@Hy@tempcnt=\count111
LaTeX Info: Redefining \url on input line 5044.
\XeTeXLinkMargin=\dimen122
\Fld@menulength=\count112
\Field@Width=\dimen123
\Fld@charsize=\dimen124
Package hyperref Info: Hyper figures OFF on input line 6298.
Package hyperref Info: Link nesting OFF on input line 6303.
Package hyperref Info: Hyper index ON on input line 6306.
Package hyperref Info: backreferencing OFF on input line 6313.
Package hyperref Info: Link coloring OFF on input line 6318.
Package hyperref Info: Link coloring with OCG OFF on input line 6323.
Package hyperref Info: PDF/A mode OFF on input line 6328.
LaTeX Info: Redefining \ref on input line 6368.
LaTeX Info: Redefining \pageref on input line 6372.
\Hy@abspage=\count113
\c@Item=\count114
\c@Hfootnote=\count115
)

Package hyperref Message: Driver (autodetected): hpdftex.

(/usr/local/texlive/2016/texmf-dist/tex/latex/hyperref/hpdftex.def
File: hpdftex.def 2016/05/05 v6.83n Hyperref driver for pdfTeX
\Fld@listcount=\count116
\c@bookmark@seq@number=\count117

(/usr/local/texlive/2016/texmf-dist/tex/latex/oberdiek/rerunfilecheck.sty
Package: rerunfilecheck 2016/05/16 v1.8 Rerun checks for auxiliary files (HO)
Package uniquecounter Info: New unique counter `rerunfilecheck' on input line 2
82.
)
\Hy@SectionHShift=\skip63
)
(./Plantilla_TrabajoEscrito.aux
LaTeX Info: Redefining \. on input line 23.
LaTeX Info: Redefining \% on input line 23.
)
\openout1 = `Plantilla_TrabajoEscrito.aux'.

LaTeX Font Info:    Checking defaults for OML/cmm/m/it on input line 58.
LaTeX Font Info:    ... okay on input line 58.
LaTeX Font Info:    Checking defaults for T1/cmr/m/n on input line 58.
LaTeX Font Info:    ... okay on input line 58.
LaTeX Font Info:    Checking defaults for OT1/cmr/m/n on input line 58.
LaTeX Font Info:    ... okay on input line 58.
LaTeX Font Info:    Checking defaults for OMS/cmsy/m/n on input line 58.
LaTeX Font Info:    ... okay on input line 58.
LaTeX Font Info:    Checking defaults for OMX/cmex/m/n on input line 58.
LaTeX Font Info:    ... okay on input line 58.
LaTeX Font Info:    Checking defaults for U/cmr/m/n on input line 58.
LaTeX Font Info:    ... okay on input line 58.
LaTeX Font Info:    Checking defaults for PD1/pdf/m/n on input line 58.
LaTeX Font Info:    ... okay on input line 58.

(/usr/local/texlive/2016/texmf-dist/tex/latex/ucs/ucsencs.def
File: ucsencs.def 2011/01/21 Fixes to fontencodings LGR, T3
)
LaTeX Info: Redefining \. on input line 58.
LaTeX Info: Redefining \% on input line 58.

(/usr/local/texlive/2016/texmf-dist/tex/context/base/mkii/supp-pdf.mkii
[Loading MPS to PDF converter (version 2006.09.02).]
\scratchcounter=\count118
\scratchdimen=\dimen125
\scratchbox=\box28
\nofMPsegments=\count119
\nofMParguments=\count120
\everyMPshowfont=\toks28
\MPscratchCnt=\count121
\MPscratchDim=\dimen126
\MPnumerator=\count122
\makeMPintoPDFobject=\count123
\everyMPtoPDFconversion=\toks29
) (/usr/local/texlive/2016/texmf-dist/tex/latex/oberdiek/epstopdf-base.sty
Package: epstopdf-base 2016/05/15 v2.6 Base part for package epstopdf

(/usr/local/texlive/2016/texmf-dist/tex/latex/oberdiek/grfext.sty
Package: grfext 2016/05/16 v1.2 Manage graphics extensions (HO)
)
Package grfext Info: Graphics extension search list:
(grfext)             [.png,.pdf,.jpg,.mps,.jpeg,.jbig2,.jb2,.PNG,.PDF,.JPG,.JPE
G,.JBIG2,.JB2,.eps]
(grfext)             \AppendGraphicsExtensions on input line 456.

(/usr/local/texlive/2016/texmf-dist/tex/latex/latexconfig/epstopdf-sys.cfg
File: epstopdf-sys.cfg 2010/07/13 v1.3 Configuration of (r)epstopdf for TeX Liv
e
))
\AtBeginShipoutBox=\box29
Package hyperref Info: Link coloring OFF on input line 58.

(/usr/local/texlive/2016/texmf-dist/tex/latex/hyperref/nameref.sty
Package: nameref 2012/10/27 v2.43 Cross-referencing by name of section

(/usr/local/texlive/2016/texmf-dist/tex/generic/oberdiek/gettitlestring.sty
Package: gettitlestring 2016/05/16 v1.5 Cleanup title references (HO)
)
\c@section@level=\count124
)
LaTeX Info: Redefining \ref on input line 58.
LaTeX Info: Redefining \pageref on input line 58.
LaTeX Info: Redefining \nameref on input line 58.

(./Plantilla_TrabajoEscrito.out) (./Plantilla_TrabajoEscrito.out)
\@outlinefile=\write3
\openout3 = `Plantilla_TrabajoEscrito.out'.

LaTeX Font Info:    Try loading font information for U+rsfs on input line 64.

(/usr/local/texlive/2016/texmf-dist/tex/latex/jknapltx/ursfs.fd
File: ursfs.fd 1998/03/24 rsfs font definition file (jk)
)
LaTeX Font Info:    Try loading font information for U+msa on input line 64.

(/usr/local/texlive/2016/texmf-dist/tex/latex/amsfonts/umsa.fd
File: umsa.fd 2013/01/14 v3.01 AMS symbols A
)
LaTeX Font Info:    Try loading font information for U+msb on input line 64.

(/usr/local/texlive/2016/texmf-dist/tex/latex/amsfonts/umsb.fd
File: umsb.fd 2013/01/14 v3.01 AMS symbols B
)
Package babel Info: Redefining spanish shorthand <<
(babel)             in language  on input line 64.
Package babel Info: Redefining spanish shorthand >>
(babel)             in language  on input line 64.
Package babel Info: Redefining spanish shorthand "=
(babel)             in language  on input line 64.
Package babel Info: Redefining spanish shorthand "~
(babel)             in language  on input line 64.
Package babel Info: Redefining spanish shorthand "!
(babel)             in language  on input line 64.
Package babel Info: Redefining spanish shorthand "?
(babel)             in language  on input line 64.
Package babel Info: Redefining spanish shorthand <<
(babel)             in language  on input line 64.
Package babel Info: Redefining spanish shorthand >>
(babel)             in language  on input line 64.
Package babel Info: Redefining spanish shorthand "=
(babel)             in language  on input line 64.
Package babel Info: Redefining spanish shorthand "~
(babel)             in language  on input line 64.
Package babel Info: Redefining spanish shorthand "!
(babel)             in language  on input line 64.
Package babel Info: Redefining spanish shorthand "?
(babel)             in language  on input line 64.
 [1

{/usr/local/texlive/2016/texmf-var/fonts/map/pdftex/updmap/pdftex.map}]
(./Plantilla_TrabajoEscrito.toc
LaTeX Info: Redefining \. on input line 1.
LaTeX Info: Redefining \% on input line 1.
)
\tf@toc=\write4
\openout4 = `Plantilla_TrabajoEscrito.toc'.

Package babel Info: Redefining spanish shorthand <<
(babel)             in language  on input line 73.
Package babel Info: Redefining spanish shorthand >>
(babel)             in language  on input line 73.
Package babel Info: Redefining spanish shorthand "=
(babel)             in language  on input line 73.
Package babel Info: Redefining spanish shorthand "~
(babel)             in language  on input line 73.
Package babel Info: Redefining spanish shorthand "!
(babel)             in language  on input line 73.
Package babel Info: Redefining spanish shorthand "?
(babel)             in language  on input line 73.
Package babel Info: Redefining spanish shorthand <<
(babel)             in language  on input line 73.
Package babel Info: Redefining spanish shorthand >>
(babel)             in language  on input line 73.
Package babel Info: Redefining spanish shorthand "=
(babel)             in language  on input line 73.
Package babel Info: Redefining spanish shorthand "~
(babel)             in language  on input line 73.
Package babel Info: Redefining spanish shorthand "!
(babel)             in language  on input line 73.
Package babel Info: Redefining spanish shorthand "?
(babel)             in language  on input line 73.
 [2]
Package babel Info: Redefining spanish shorthand <<
(babel)             in language  on input line 86.
Package babel Info: Redefining spanish shorthand >>
(babel)             in language  on input line 86.
Package babel Info: Redefining spanish shorthand "=
(babel)             in language  on input line 86.
Package babel Info: Redefining spanish shorthand "~
(babel)             in language  on input line 86.
Package babel Info: Redefining spanish shorthand "!
(babel)             in language  on input line 86.
Package babel Info: Redefining spanish shorthand "?
(babel)             in language  on input line 86.
Package babel Info: Redefining spanish shorthand <<
(babel)             in language  on input line 87.
Package babel Info: Redefining spanish shorthand >>
(babel)             in language  on input line 87.
Package babel Info: Redefining spanish shorthand "=
(babel)             in language  on input line 87.
Package babel Info: Redefining spanish shorthand "~
(babel)             in language  on input line 87.
Package babel Info: Redefining spanish shorthand "!
(babel)             in language  on input line 87.
Package babel Info: Redefining spanish shorthand "?
(babel)             in language  on input line 87.

Underfull \hbox (badness 10000) in paragraph at lines 90--90

 []

Package babel Info: Redefining spanish shorthand <<
(babel)             in language  on input line 112.
Package babel Info: Redefining spanish shorthand >>
(babel)             in language  on input line 112.
Package babel Info: Redefining spanish shorthand "=
(babel)             in language  on input line 112.
Package babel Info: Redefining spanish shorthand "~
(babel)             in language  on input line 112.
Package babel Info: Redefining spanish shorthand "!
(babel)             in language  on input line 112.
Package babel Info: Redefining spanish shorthand "?
(babel)             in language  on input line 112.

Package Fancyhdr Warning: \headheight is too small (13.1pt): 
 Make it at least 14.49998pt.
 We now make it that large for the rest of the document.
 This may cause the page layout to be inconsistent, however.

Package babel Info: Redefining spanish shorthand <<
(babel)             in language  on input line 126.
Package babel Info: Redefining spanish shorthand >>
(babel)             in language  on input line 126.
Package babel Info: Redefining spanish shorthand "=
(babel)             in language  on input line 126.
Package babel Info: Redefining spanish shorthand "~
(babel)             in language  on input line 126.
Package babel Info: Redefining spanish shorthand "!
(babel)             in language  on input line 126.
Package babel Info: Redefining spanish shorthand "?
(babel)             in language  on input line 126.
Package babel Info: Redefining spanish shorthand <<
(babel)             in language  on input line 126.
Package babel Info: Redefining spanish shorthand >>
(babel)             in language  on input line 126.
Package babel Info: Redefining spanish shorthand "=
(babel)             in language  on input line 126.
Package babel Info: Redefining spanish shorthand "~
(babel)             in language  on input line 126.
Package babel Info: Redefining spanish shorthand "!
(babel)             in language  on input line 126.
Package babel Info: Redefining spanish shorthand "?
(babel)             in language  on input line 126.
[3]
Package babel Info: Redefining spanish shorthand <<
(babel)             in language  on input line 132.
Package babel Info: Redefining spanish shorthand >>
(babel)             in language  on input line 132.
Package babel Info: Redefining spanish shorthand "=
(babel)             in language  on input line 132.
Package babel Info: Redefining spanish shorthand "~
(babel)             in language  on input line 132.
Package babel Info: Redefining spanish shorthand "!
(babel)             in language  on input line 132.
Package babel Info: Redefining spanish shorthand "?
(babel)             in language  on input line 132.
Package babel Info: Redefining spanish shorthand <<
(babel)             in language  on input line 145.
Package babel Info: Redefining spanish shorthand >>
(babel)             in language  on input line 145.
Package babel Info: Redefining spanish shorthand "=
(babel)             in language  on input line 145.
Package babel Info: Redefining spanish shorthand "~
(babel)             in language  on input line 145.
Package babel Info: Redefining spanish shorthand "!
(babel)             in language  on input line 145.
Package babel Info: Redefining spanish shorthand "?
(babel)             in language  on input line 145.
Package babel Info: Redefining spanish shorthand <<
(babel)             in language  on input line 145.
Package babel Info: Redefining spanish shorthand >>
(babel)             in language  on input line 145.
Package babel Info: Redefining spanish shorthand "=
(babel)             in language  on input line 145.
Package babel Info: Redefining spanish shorthand "~
(babel)             in language  on input line 145.
Package babel Info: Redefining spanish shorthand "!
(babel)             in language  on input line 145.
Package babel Info: Redefining spanish shorthand "?
(babel)             in language  on input line 145.
 [4]
Package babel Info: Redefining spanish shorthand <<
(babel)             in language  on input line 145.
Package babel Info: Redefining spanish shorthand >>
(babel)             in language  on input line 145.
Package babel Info: Redefining spanish shorthand "=
(babel)             in language  on input line 145.
Package babel Info: Redefining spanish shorthand "~
(babel)             in language  on input line 145.
Package babel Info: Redefining spanish shorthand "!
(babel)             in language  on input line 145.
Package babel Info: Redefining spanish shorthand "?
(babel)             in language  on input line 145.
Package babel Info: Redefining spanish shorthand <<
(babel)             in language  on input line 147.
Package babel Info: Redefining spanish shorthand >>
(babel)             in language  on input line 147.
Package babel Info: Redefining spanish shorthand "=
(babel)             in language  on input line 147.
Package babel Info: Redefining spanish shorthand "~
(babel)             in language  on input line 147.
Package babel Info: Redefining spanish shorthand "!
(babel)             in language  on input line 147.
Package babel Info: Redefining spanish shorthand "?
(babel)             in language  on input line 147.
Package babel Info: Redefining spanish shorthand <<
(babel)             in language  on input line 168.
Package babel Info: Redefining spanish shorthand >>
(babel)             in language  on input line 168.
Package babel Info: Redefining spanish shorthand "=
(babel)             in language  on input line 168.
Package babel Info: Redefining spanish shorthand "~
(babel)             in language  on input line 168.
Package babel Info: Redefining spanish shorthand "!
(babel)             in language  on input line 168.
Package babel Info: Redefining spanish shorthand "?
(babel)             in language  on input line 168.
Package babel Info: Redefining spanish shorthand <<
(babel)             in language  on input line 171.
Package babel Info: Redefining spanish shorthand >>
(babel)             in language  on input line 171.
Package babel Info: Redefining spanish shorthand "=
(babel)             in language  on input line 171.
Package babel Info: Redefining spanish shorthand "~
(babel)             in language  on input line 171.
Package babel Info: Redefining spanish shorthand "!
(babel)             in language  on input line 171.
Package babel Info: Redefining spanish shorthand "?
(babel)             in language  on input line 171.
Package babel Info: Redefining spanish shorthand <<
(babel)             in language  on input line 171.
Package babel Info: Redefining spanish shorthand >>
(babel)             in language  on input line 171.
Package babel Info: Redefining spanish shorthand "=
(babel)             in language  on input line 171.
Package babel Info: Redefining spanish shorthand "~
(babel)             in language  on input line 171.
Package babel Info: Redefining spanish shorthand "!
(babel)             in language  on input line 171.
Package babel Info: Redefining spanish shorthand "?
(babel)             in language  on input line 171.
 [5]
Underfull \hbox (badness 10000) in paragraph at lines 180--187

 []


Underfull \hbox (badness 10000) in paragraph at lines 189--196

 []


Underfull \hbox (badness 10000) in paragraph at lines 196--197

 []

Package babel Info: Redefining spanish shorthand <<
(babel)             in language  on input line 197.
Package babel Info: Redefining spanish shorthand >>
(babel)             in language  on input line 197.
Package babel Info: Redefining spanish shorthand "=
(babel)             in language  on input line 197.
Package babel Info: Redefining spanish shorthand "~
(babel)             in language  on input line 197.
Package babel Info: Redefining spanish shorthand "!
(babel)             in language  on input line 197.
Package babel Info: Redefining spanish shorthand "?
(babel)             in language  on input line 197.
Package babel Info: Redefining spanish shorthand <<
(babel)             in language  on input line 197.
Package babel Info: Redefining spanish shorthand >>
(babel)             in language  on input line 197.
Package babel Info: Redefining spanish shorthand "=
(babel)             in language  on input line 197.
Package babel Info: Redefining spanish shorthand "~
(babel)             in language  on input line 197.
Package babel Info: Redefining spanish shorthand "!
(babel)             in language  on input line 197.
Package babel Info: Redefining spanish shorthand "?
(babel)             in language  on input line 197.
[6]
Underfull \hbox (badness 10000) in paragraph at lines 197--199

 []


Underfull \hbox (badness 10000) in paragraph at lines 208--210

 []

Package babel Info: Redefining spanish shorthand <<
(babel)             in language  on input line 213.
Package babel Info: Redefining spanish shorthand >>
(babel)             in language  on input line 213.
Package babel Info: Redefining spanish shorthand "=
(babel)             in language  on input line 213.
Package babel Info: Redefining spanish shorthand "~
(babel)             in language  on input line 213.
Package babel Info: Redefining spanish shorthand "!
(babel)             in language  on input line 213.
Package babel Info: Redefining spanish shorthand "?
(babel)             in language  on input line 213.

Underfull \hbox (badness 10000) in paragraph at lines 214--219

 []

Package babel Info: Redefining spanish shorthand <<
(babel)             in language  on input line 219.
Package babel Info: Redefining spanish shorthand >>
(babel)             in language  on input line 219.
Package babel Info: Redefining spanish shorthand "=
(babel)             in language  on input line 219.
Package babel Info: Redefining spanish shorthand "~
(babel)             in language  on input line 219.
Package babel Info: Redefining spanish shorthand "!
(babel)             in language  on input line 219.
Package babel Info: Redefining spanish shorthand "?
(babel)             in language  on input line 219.
Package babel Info: Redefining spanish shorthand <<
(babel)             in language  on input line 219.
Package babel Info: Redefining spanish shorthand >>
(babel)             in language  on input line 219.
Package babel Info: Redefining spanish shorthand "=
(babel)             in language  on input line 219.
Package babel Info: Redefining spanish shorthand "~
(babel)             in language  on input line 219.
Package babel Info: Redefining spanish shorthand "!
(babel)             in language  on input line 219.
Package babel Info: Redefining spanish shorthand "?
(babel)             in language  on input line 219.
[7]
Package babel Info: Redefining spanish shorthand <<
(babel)             in language  on input line 229.
Package babel Info: Redefining spanish shorthand >>
(babel)             in language  on input line 229.
Package babel Info: Redefining spanish shorthand "=
(babel)             in language  on input line 229.
Package babel Info: Redefining spanish shorthand "~
(babel)             in language  on input line 229.
Package babel Info: Redefining spanish shorthand "!
(babel)             in language  on input line 229.
Package babel Info: Redefining spanish shorthand "?
(babel)             in language  on input line 229.
Package babel Info: Redefining spanish shorthand <<
(babel)             in language  on input line 229.
Package babel Info: Redefining spanish shorthand >>
(babel)             in language  on input line 229.
Package babel Info: Redefining spanish shorthand "=
(babel)             in language  on input line 229.
Package babel Info: Redefining spanish shorthand "~
(babel)             in language  on input line 229.
Package babel Info: Redefining spanish shorthand "!
(babel)             in language  on input line 229.
Package babel Info: Redefining spanish shorthand "?
(babel)             in language  on input line 229.
 [8]
Package babel Info: Redefining spanish shorthand <<
(babel)             in language  on input line 229.
Package babel Info: Redefining spanish shorthand >>
(babel)             in language  on input line 229.
Package babel Info: Redefining spanish shorthand "=
(babel)             in language  on input line 229.
Package babel Info: Redefining spanish shorthand "~
(babel)             in language  on input line 229.
Package babel Info: Redefining spanish shorthand "!
(babel)             in language  on input line 229.
Package babel Info: Redefining spanish shorthand "?
(babel)             in language  on input line 229.
Package babel Info: Redefining spanish shorthand <<
(babel)             in language  on input line 230.
Package babel Info: Redefining spanish shorthand >>
(babel)             in language  on input line 230.
Package babel Info: Redefining spanish shorthand "=
(babel)             in language  on input line 230.
Package babel Info: Redefining spanish shorthand "~
(babel)             in language  on input line 230.
Package babel Info: Redefining spanish shorthand "!
(babel)             in language  on input line 230.
Package babel Info: Redefining spanish shorthand "?
(babel)             in language  on input line 230.

Underfull \hbox (badness 10000) in paragraph at lines 231--231

 []


Underfull \hbox (badness 10000) in paragraph at lines 231--240

 []


Underfull \hbox (badness 10000) in paragraph at lines 241--244

 []

Package babel Info: Redefining spanish shorthand <<
(babel)             in language  on input line 245.
Package babel Info: Redefining spanish shorthand >>
(babel)             in language  on input line 245.
Package babel Info: Redefining spanish shorthand "=
(babel)             in language  on input line 245.
Package babel Info: Redefining spanish shorthand "~
(babel)             in language  on input line 245.
Package babel Info: Redefining spanish shorthand "!
(babel)             in language  on input line 245.
Package babel Info: Redefining spanish shorthand "?
(babel)             in language  on input line 245.
Package babel Info: Redefining spanish shorthand <<
(babel)             in language  on input line 246.
Package babel Info: Redefining spanish shorthand >>
(babel)             in language  on input line 246.
Package babel Info: Redefining spanish shorthand "=
(babel)             in language  on input line 246.
Package babel Info: Redefining spanish shorthand "~
(babel)             in language  on input line 246.
Package babel Info: Redefining spanish shorthand "!
(babel)             in language  on input line 246.
Package babel Info: Redefining spanish shorthand "?
(babel)             in language  on input line 246.
Package babel Info: Redefining spanish shorthand <<
(babel)             in language  on input line 248.
Package babel Info: Redefining spanish shorthand >>
(babel)             in language  on input line 248.
Package babel Info: Redefining spanish shorthand "=
(babel)             in language  on input line 248.
Package babel Info: Redefining spanish shorthand "~
(babel)             in language  on input line 248.
Package babel Info: Redefining spanish shorthand "!
(babel)             in language  on input line 248.
Package babel Info: Redefining spanish shorthand "?
(babel)             in language  on input line 248.
Package babel Info: Redefining spanish shorthand <<
(babel)             in language  on input line 248.
Package babel Info: Redefining spanish shorthand >>
(babel)             in language  on input line 248.
Package babel Info: Redefining spanish shorthand "=
(babel)             in language  on input line 248.
Package babel Info: Redefining spanish shorthand "~
(babel)             in language  on input line 248.
Package babel Info: Redefining spanish shorthand "!
(babel)             in language  on input line 248.
Package babel Info: Redefining spanish shorthand "?
(babel)             in language  on input line 248.
[9]
Package babel Info: Redefining spanish shorthand <<
(babel)             in language  on input line 248.
Package babel Info: Redefining spanish shorthand >>
(babel)             in language  on input line 248.
Package babel Info: Redefining spanish shorthand "=
(babel)             in language  on input line 248.
Package babel Info: Redefining spanish shorthand "~
(babel)             in language  on input line 248.
Package babel Info: Redefining spanish shorthand "!
(babel)             in language  on input line 248.
Package babel Info: Redefining spanish shorthand "?
(babel)             in language  on input line 248.
Package babel Info: Redefining spanish shorthand <<
(babel)             in language  on input line 249.
Package babel Info: Redefining spanish shorthand >>
(babel)             in language  on input line 249.
Package babel Info: Redefining spanish shorthand "=
(babel)             in language  on input line 249.
Package babel Info: Redefining spanish shorthand "~
(babel)             in language  on input line 249.
Package babel Info: Redefining spanish shorthand "!
(babel)             in language  on input line 249.
Package babel Info: Redefining spanish shorthand "?
(babel)             in language  on input line 249.

Underfull \hbox (badness 10000) in paragraph at lines 250--250

 []


Underfull \hbox (badness 10000) in paragraph at lines 250--256

 []

Package babel Info: Redefining spanish shorthand <<
(babel)             in language  on input line 261.
Package babel Info: Redefining spanish shorthand >>
(babel)             in language  on input line 261.
Package babel Info: Redefining spanish shorthand "=
(babel)             in language  on input line 261.
Package babel Info: Redefining spanish shorthand "~
(babel)             in language  on input line 261.
Package babel Info: Redefining spanish shorthand "!
(babel)             in language  on input line 261.
Package babel Info: Redefining spanish shorthand "?
(babel)             in language  on input line 261.
Package babel Info: Redefining spanish shorthand <<
(babel)             in language  on input line 261.
Package babel Info: Redefining spanish shorthand >>
(babel)             in language  on input line 261.
Package babel Info: Redefining spanish shorthand "=
(babel)             in language  on input line 261.
Package babel Info: Redefining spanish shorthand "~
(babel)             in language  on input line 261.
Package babel Info: Redefining spanish shorthand "!
(babel)             in language  on input line 261.
Package babel Info: Redefining spanish shorthand "?
(babel)             in language  on input line 261.
[10]
Package babel Info: Redefining spanish shorthand <<
(babel)             in language  on input line 261.
Package babel Info: Redefining spanish shorthand >>
(babel)             in language  on input line 261.
Package babel Info: Redefining spanish shorthand "=
(babel)             in language  on input line 261.
Package babel Info: Redefining spanish shorthand "~
(babel)             in language  on input line 261.
Package babel Info: Redefining spanish shorthand "!
(babel)             in language  on input line 261.
Package babel Info: Redefining spanish shorthand "?
(babel)             in language  on input line 261.
Package babel Info: Redefining spanish shorthand <<
(babel)             in language  on input line 267.
Package babel Info: Redefining spanish shorthand >>
(babel)             in language  on input line 267.
Package babel Info: Redefining spanish shorthand "=
(babel)             in language  on input line 267.
Package babel Info: Redefining spanish shorthand "~
(babel)             in language  on input line 267.
Package babel Info: Redefining spanish shorthand "!
(babel)             in language  on input line 267.
Package babel Info: Redefining spanish shorthand "?
(babel)             in language  on input line 267.
Package babel Info: Redefining spanish shorthand <<
(babel)             in language  on input line 296.
Package babel Info: Redefining spanish shorthand >>
(babel)             in language  on input line 296.
Package babel Info: Redefining spanish shorthand "=
(babel)             in language  on input line 296.
Package babel Info: Redefining spanish shorthand "~
(babel)             in language  on input line 296.
Package babel Info: Redefining spanish shorthand "!
(babel)             in language  on input line 296.
Package babel Info: Redefining spanish shorthand "?
(babel)             in language  on input line 296.
Package babel Info: Redefining spanish shorthand <<
(babel)             in language  on input line 306.
Package babel Info: Redefining spanish shorthand >>
(babel)             in language  on input line 306.
Package babel Info: Redefining spanish shorthand "=
(babel)             in language  on input line 306.
Package babel Info: Redefining spanish shorthand "~
(babel)             in language  on input line 306.
Package babel Info: Redefining spanish shorthand "!
(babel)             in language  on input line 306.
Package babel Info: Redefining spanish shorthand "?
(babel)             in language  on input line 306.
Package babel Info: Redefining spanish shorthand <<
(babel)             in language  on input line 306.
Package babel Info: Redefining spanish shorthand >>
(babel)             in language  on input line 306.
Package babel Info: Redefining spanish shorthand "=
(babel)             in language  on input line 306.
Package babel Info: Redefining spanish shorthand "~
(babel)             in language  on input line 306.
Package babel Info: Redefining spanish shorthand "!
(babel)             in language  on input line 306.
Package babel Info: Redefining spanish shorthand "?
(babel)             in language  on input line 306.
 [11]
No file Plantilla_TrabajoEscrito.bbl.
Package atveryend Info: Empty hook `BeforeClearDocument' on input line 308.
Package babel Info: Redefining spanish shorthand <<
(babel)             in language  on input line 308.
Package babel Info: Redefining spanish shorthand >>
(babel)             in language  on input line 308.
Package babel Info: Redefining spanish shorthand "=
(babel)             in language  on input line 308.
Package babel Info: Redefining spanish shorthand "~
(babel)             in language  on input line 308.
Package babel Info: Redefining spanish shorthand "!
(babel)             in language  on input line 308.
Package babel Info: Redefining spanish shorthand "?
(babel)             in language  on input line 308.
Package babel Info: Redefining spanish shorthand <<
(babel)             in language  on input line 308.
Package babel Info: Redefining spanish shorthand >>
(babel)             in language  on input line 308.
Package babel Info: Redefining spanish shorthand "=
(babel)             in language  on input line 308.
Package babel Info: Redefining spanish shorthand "~
(babel)             in language  on input line 308.
Package babel Info: Redefining spanish shorthand "!
(babel)             in language  on input line 308.
Package babel Info: Redefining spanish shorthand "?
(babel)             in language  on input line 308.
[12]
Package atveryend Info: Empty hook `AfterLastShipout' on input line 308.
 (./Plantilla_TrabajoEscrito.aux
LaTeX Info: Redefining \. on input line 23.
LaTeX Info: Redefining \% on input line 23.
)
Package atveryend Info: Executing hook `AtVeryEndDocument' on input line 308.
Package atveryend Info: Executing hook `AtEndAfterFileList' on input line 308.
Package rerunfilecheck Info: File `Plantilla_TrabajoEscrito.out' has not change
d.
(rerunfilecheck)             Checksum: DFDE37EB8F23F1BB5FF769834FBFA987;937.
Package atveryend Info: Empty hook `AtVeryVeryEnd' on input line 308.
 ) 
Here is how much of TeX's memory you used:
 7874 strings out of 493014
 111665 string characters out of 6133351
 212200 words of memory out of 5000000
 11270 multiletter control sequences out of 15000+600000
 13700 words of font info for 55 fonts, out of 8000000 for 9000
 1141 hyphenation exceptions out of 8191
 29i,11n,43p,417b,388s stack positions out of 5000i,500n,10000p,200000b,80000s
</usr/local/texlive/2016/texmf-dist/fonts/type1/public/amsfonts/cm/cmbx12.pfb
></usr/local/texlive/2016/texmf-dist/fonts/type1/public/amsfonts/cm/cmex10.pfb>
</usr/local/texlive/2016/texmf-dist/fonts/type1/public/amsfonts/cmextra/cmex7.p
fb></usr/local/texlive/2016/texmf-dist/fonts/type1/public/amsfonts/cmextra/cmex
8.pfb></usr/local/texlive/2016/texmf-dist/fonts/type1/public/amsfonts/cm/cmmi12
.pfb></usr/local/texlive/2016/texmf-dist/fonts/type1/public/amsfonts/cm/cmmi6.p
fb></usr/local/texlive/2016/texmf-dist/fonts/type1/public/amsfonts/cm/cmmi8.pfb
></usr/local/texlive/2016/texmf-dist/fonts/type1/public/amsfonts/cm/cmr12.pfb><
/usr/local/texlive/2016/texmf-dist/fonts/type1/public/amsfonts/cm/cmr17.pfb></u
sr/local/texlive/2016/texmf-dist/fonts/type1/public/amsfonts/cm/cmr6.pfb></usr/
local/texlive/2016/texmf-dist/fonts/type1/public/amsfonts/cm/cmr8.pfb></usr/loc
al/texlive/2016/texmf-dist/fonts/type1/public/amsfonts/cm/cmsy10.pfb></usr/loca
l/texlive/2016/texmf-dist/fonts/type1/public/amsfonts/cm/cmsy6.pfb></usr/local/
texlive/2016/texmf-dist/fonts/type1/public/amsfonts/cm/cmsy8.pfb></usr/local/te
xlive/2016/texmf-dist/fonts/type1/public/amsfonts/symbols/msam10.pfb>
Output written on Plantilla_TrabajoEscrito.pdf (12 pages, 175888 bytes).
PDF statistics:
 213 PDF objects out of 1000 (max. 8388607)
 182 compressed objects within 2 object streams
 31 named destinations out of 1000 (max. 500000)
 137 words of extra memory for PDF output out of 10000 (max. 10000000)

